Using pre-set license
Built from '2020.3/staging' branch; Version is '2020.3.32f1 (12f8b0834f07) revision 1243312'; Using compiler version '192528614'; Build Type 'Release'
OS: 'Windows 10  (10.0.19044) 64bit CoreSingleLanguage' Language: 'es' Physical Memory: 4078 MB
BatchMode: 1, IsHumanControllingUs: 0, StartBugReporterOnCrash: 0, Is64bit: 1, IsPro: 0

COMMAND LINE ARGUMENTS:
C:\Program Files\2020.3.32f1\Editor\Unity.exe
-adb2
-batchMode
-noUpm
-name
AssetImportWorker0
-projectPath
C:/Users/angel/Unity_Projects/Bringin_Hell
-logFile
Logs/AssetImportWorker0.log
-srvPort
50586
Successfully changed project path to: C:/Users/angel/Unity_Projects/Bringin_Hell
C:/Users/angel/Unity_Projects/Bringin_Hell
Using Asset Import Pipeline V2.
Refreshing native plugins compatible for Editor in 187.60 ms, found 2 plugins.
Preloading 0 native plugins for Editor in 0.00 ms.
Initialize engine version: 2020.3.32f1 (12f8b0834f07)
[Subsystems] Discovering subsystems at path C:/Program Files/2020.3.32f1/Editor/Data/Resources/UnitySubsystems
[Subsystems] Discovering subsystems at path C:/Users/angel/Unity_Projects/Bringin_Hell/Assets
GfxDevice: creating device client; threaded=0
Direct3D:
    Version:  Direct3D 11.0 [level 10.1]
    Renderer: NVIDIA GeForce GT 330M  (ID=0xa29)
    Vendor:   
    VRAM:     972 MB
    Driver:   21.21.13.4201
Could not load symbol clCreateImage : No se encontró el proceso especificado.

Could not load symbol clEnqueueFillBuffer : No se encontró el proceso especificado.

Could not load symbol clEnqueueFillImage : No se encontró el proceso especificado.

Could not load symbol clEnqueueMarkerWithWaitList : No se encontró el proceso especificado.

Could not load symbol clGetExtensionFunctionAddressForPlatform : No se encontró el proceso especificado.

Could not load symbol clUnloadPlatformCompiler : No se encontró el proceso especificado.

Could not load symbol clCreateFromGLTexture : No se encontró el proceso especificado.

Initialize mono
Mono path[0] = 'C:/Program Files/2020.3.32f1/Editor/Data/Managed'
Mono path[1] = 'C:/Program Files/2020.3.32f1/Editor/Data/MonoBleedingEdge/lib/mono/unityjit'
Mono config path = 'C:/Program Files/2020.3.32f1/Editor/Data/MonoBleedingEdge/etc'
Using monoOptions --debugger-agent=transport=dt_socket,embedding=1,server=y,suspend=n,address=127.0.0.1:56992
Begin MonoManager ReloadAssembly
Registering precompiled unity dll's ...
Register platform support module: C:/Program Files/2020.3.32f1/Editor/Data/PlaybackEngines/WindowsStandaloneSupport/UnityEditor.WindowsStandalone.Extensions.dll
Registered in 0.012421 seconds.
Native extension for WindowsStandalone target not found
Refreshing native plugins compatible for Editor in 186.99 ms, found 2 plugins.
Preloading 0 native plugins for Editor in 0.00 ms.
Mono: successfully reloaded assembly
- Completed reload, in  3.225 seconds
Domain Reload Profiling:
	ReloadAssembly (3226ms)
		BeginReloadAssembly (344ms)
			ExecutionOrderSort (0ms)
			DisableScriptedObjects (0ms)
			BackupInstance (0ms)
			ReleaseScriptingObjects (0ms)
			CreateAndSetChildDomain (3ms)
		EndReloadAssembly (2468ms)
			LoadAssemblies (331ms)
			RebuildTransferFunctionScriptingTraits (0ms)
			SetupTypeCache (881ms)
			ReleaseScriptCaches (0ms)
			RebuildScriptCaches (164ms)
			SetupLoadedEditorAssemblies (871ms)
				LogAssemblyErrors (0ms)
				InitializePlatformSupportModulesInManaged (21ms)
				SetLoadedEditorAssemblies (1ms)
				RefreshPlugins (187ms)
				BeforeProcessingInitializeOnLoad (85ms)
				ProcessInitializeOnLoadAttributes (430ms)
				ProcessInitializeOnLoadMethodAttributes (145ms)
				AfterProcessingInitializeOnLoad (0ms)
				EditorAssembliesLoaded (1ms)
			ExecutionOrderSort2 (0ms)
			AwakeInstancesAfterBackupRestoration (0ms)
Platform modules already initialized, skipping
Registering precompiled user dll's ...
Registered in 0.018919 seconds.
Begin MonoManager ReloadAssembly
Native extension for WindowsStandalone target not found
Refreshing native plugins compatible for Editor in 1.14 ms, found 2 plugins.
Preloading 0 native plugins for Editor in 0.00 ms.
Mono: successfully reloaded assembly
- Completed reload, in  5.456 seconds
Domain Reload Profiling:
	ReloadAssembly (5460ms)
		BeginReloadAssembly (805ms)
			ExecutionOrderSort (0ms)
			DisableScriptedObjects (32ms)
			BackupInstance (0ms)
			ReleaseScriptingObjects (0ms)
			CreateAndSetChildDomain (72ms)
		EndReloadAssembly (4318ms)
			LoadAssemblies (495ms)
			RebuildTransferFunctionScriptingTraits (0ms)
			SetupTypeCache (1537ms)
			ReleaseScriptCaches (1ms)
			RebuildScriptCaches (243ms)
			SetupLoadedEditorAssemblies (1586ms)
				LogAssemblyErrors (0ms)
				InitializePlatformSupportModulesInManaged (22ms)
				SetLoadedEditorAssemblies (2ms)
				RefreshPlugins (2ms)
				BeforeProcessingInitializeOnLoad (442ms)
				ProcessInitializeOnLoadAttributes (1033ms)
				ProcessInitializeOnLoadMethodAttributes (46ms)
				AfterProcessingInitializeOnLoad (39ms)
				EditorAssembliesLoaded (1ms)
			ExecutionOrderSort2 (0ms)
			AwakeInstancesAfterBackupRestoration (33ms)
Platform modules already initialized, skipping
========================================================================
Worker process is ready to serve import requests
Launched and connected shader compiler UnityShaderCompiler.exe after 0.34 seconds
Refreshing native plugins compatible for Editor in 1.28 ms, found 2 plugins.
Preloading 0 native plugins for Editor in 0.00 ms.
Unloading 1507 Unused Serialized files (Serialized files now loaded: 0)
System memory in use before: 68.7 MB.
System memory in use after: 68.8 MB.

Unloading 16 unused Assets to reduce memory usage. Loaded Objects now: 1943.
Total: 12.714700 ms (FindLiveObjects: 0.358300 ms CreateObjectMapping: 0.236300 ms MarkObjects: 11.902300 ms  DeleteObjects: 0.214000 ms)

AssetImportParameters requested are different than current active one (requested -> active):
  custom:framework-win-MediaFoundation: 216162199b28c13a410421893ffa2e32 -> 
  custom:video-decoder-ogg-theora: a1e56fd34408186e4bbccfd4996cb3dc -> 
  custom:container-muxer-webm: aa71ff27fc2769a1b78a27578f13a17b -> 
  custom:container-demuxer-webm: 4f35f7cbe854078d1ac9338744f61a02 -> 
  custom:container-demuxer-ogg: 62fdf1f143b41e24485cea50d1cbac27 -> 
  custom:video-encoder-webm-vp8: eb34c28f22e8b96e1ab97ce403110664 -> 
  custom:video-decoder-webm-vp8: 9c59270c3fd7afecdb556c50c9e8de78 -> 
  custom:audio-decoder-ogg-vorbis: bf7c407c2cedff20999df2af8eb42d56 -> 
  custom:audio-encoder-webm-vorbis: bf7c407c2cedff20999df2af8eb42d56 -> 
========================================================================
Received Import Request.
  path: Assets/Sprites/Background
  artifactKey: Guid(ea49881fc9ef24d4ea3d7fbdc0e56b43) Importer(815301076,1909f56bfc062723c751e8b465ee728b)
Start importing Assets/Sprites/Background using Guid(ea49881fc9ef24d4ea3d7fbdc0e56b43) Importer(815301076,1909f56bfc062723c751e8b465ee728b)  -> (artifact id: 'f05cbef6b7f1bc5dcdd5cf0258e25ea9') in 0.041732 seconds 
========================================================================
Received Import Request.
  Time since last request: 1.603375 seconds.
  path: Assets/Sprites
  artifactKey: Guid(62166e06d6e22df4394edfcb51d233df) Importer(815301076,1909f56bfc062723c751e8b465ee728b)
Start importing Assets/Sprites using Guid(62166e06d6e22df4394edfcb51d233df) Importer(815301076,1909f56bfc062723c751e8b465ee728b)  -> (artifact id: 'd313c41a2d5df3af37c03237050717c6') in 0.037464 seconds 
========================================================================
Received Import Request.
  Time since last request: 10.262130 seconds.
  path: Assets/Sprites/Midground
  artifactKey: Guid(3ba87fc88be3cce4981a72c342726014) Importer(815301076,1909f56bfc062723c751e8b465ee728b)
Start importing Assets/Sprites/Midground using Guid(3ba87fc88be3cce4981a72c342726014) Importer(815301076,1909f56bfc062723c751e8b465ee728b)  -> (artifact id: '0b2ac5dffdd4911cb53dd10879a58f7d') in 0.035678 seconds 
========================================================================
Received Import Request.
  Time since last request: 11.712439 seconds.
  path: Assets/Sprites/Foreground
  artifactKey: Guid(431dc454c2faa1647a84d862ff69256f) Importer(815301076,1909f56bfc062723c751e8b465ee728b)
Start importing Assets/Sprites/Foreground using Guid(431dc454c2faa1647a84d862ff69256f) Importer(815301076,1909f56bfc062723c751e8b465ee728b)  -> (artifact id: '00d489637ccc8c40abbcad76d36dc1a4') in 0.025306 seconds 
========================================================================
Received Import Request.
  Time since last request: 42.393378 seconds.
  path: Assets/Sprites/Background/Space1.png
  artifactKey: Guid(6e5bfa753ba646d4c9ab1bd1a71ea31d) Importer(815301076,1909f56bfc062723c751e8b465ee728b)
Start importing Assets/Sprites/Background/Space1.png using Guid(6e5bfa753ba646d4c9ab1bd1a71ea31d) Importer(815301076,1909f56bfc062723c751e8b465ee728b)  -> (artifact id: 'b11db881312ecab26d28d211383c3fe1') in 0.497015 seconds 
========================================================================
Received Import Request.
  Time since last request: 0.000824 seconds.
  path: Assets/Sprites/Background/Space3.png
  artifactKey: Guid(7b9036fa5830d044a86960b198698385) Importer(815301076,1909f56bfc062723c751e8b465ee728b)
Start importing Assets/Sprites/Background/Space3.png using Guid(7b9036fa5830d044a86960b198698385) Importer(815301076,1909f56bfc062723c751e8b465ee728b)  -> (artifact id: '0bf46ad3ddd4a765650fc82f203572f9') in 0.055092 seconds 
========================================================================
Received Import Request.
  Time since last request: 0.000846 seconds.
  path: Assets/Sprites/Background/Space2.png
  artifactKey: Guid(13b915b369fbb0345bd6465c896aa290) Importer(815301076,1909f56bfc062723c751e8b465ee728b)
Start importing Assets/Sprites/Background/Space2.png using Guid(13b915b369fbb0345bd6465c896aa290) Importer(815301076,1909f56bfc062723c751e8b465ee728b)  -> (artifact id: '23d548740dc1d4e9a2fa736cddd986c1') in 0.046320 seconds 
========================================================================
Received Import Request.
  Time since last request: 5.996174 seconds.
  path: Assets/Sprites/Background/Space
  artifactKey: Guid(5586e5325b6268743bc8cf1e644082dd) Importer(815301076,1909f56bfc062723c751e8b465ee728b)
Start importing Assets/Sprites/Background/Space using Guid(5586e5325b6268743bc8cf1e644082dd) Importer(815301076,1909f56bfc062723c751e8b465ee728b)  -> (artifact id: '96b5bba7a8149a9a6a932c8e147cd26f') in 0.022554 seconds 
========================================================================
Received Import Request.
  Time since last request: 17.271816 seconds.
  path: Assets/Sprites/Background/Hell
  artifactKey: Guid(f74f85887df5ef94fb1563fa6de0220d) Importer(815301076,1909f56bfc062723c751e8b465ee728b)
Start importing Assets/Sprites/Background/Hell using Guid(f74f85887df5ef94fb1563fa6de0220d) Importer(815301076,1909f56bfc062723c751e8b465ee728b)  -> (artifact id: 'de4ef4489665370f777d499cbbbb163b') in 0.025274 seconds 
========================================================================
Received Import Request.
  Time since last request: 23.509116 seconds.
  path: Assets/Sprites/Midground/Space
  artifactKey: Guid(cd832e968a424dd4ab19a70a7f48741f) Importer(815301076,1909f56bfc062723c751e8b465ee728b)
Start importing Assets/Sprites/Midground/Space using Guid(cd832e968a424dd4ab19a70a7f48741f) Importer(815301076,1909f56bfc062723c751e8b465ee728b)  -> (artifact id: 'cbca786c884683f4484a085599c8b379') in 0.009015 seconds 
========================================================================
Received Import Request.
  Time since last request: 5.309332 seconds.
  path: Assets/Sprites/Midground/Hell
  artifactKey: Guid(06561704c913f7d46a699b33cd973cfc) Importer(815301076,1909f56bfc062723c751e8b465ee728b)
Start importing Assets/Sprites/Midground/Hell using Guid(06561704c913f7d46a699b33cd973cfc) Importer(815301076,1909f56bfc062723c751e8b465ee728b)  -> (artifact id: '3788c94e3c047fcfefc9c4e193039e17') in 0.008228 seconds 
========================================================================
Received Import Request.
  Time since last request: 26.377325 seconds.
  path: Assets/Sprites/Midground/Hell/PlatformL.png
  artifactKey: Guid(a742a73b7c836eb40b26272180611475) Importer(815301076,1909f56bfc062723c751e8b465ee728b)
Start importing Assets/Sprites/Midground/Hell/PlatformL.png using Guid(a742a73b7c836eb40b26272180611475) Importer(815301076,1909f56bfc062723c751e8b465ee728b)  -> (artifact id: '4f1119e2d64c3d52b7b3e4baabea4693') in 0.117168 seconds 
========================================================================
Received Import Request.
  Time since last request: 0.000774 seconds.
  path: Assets/Sprites/Midground/Hell/PlatformM.png
  artifactKey: Guid(1fb97c05876054541a1ed755a5ba84f7) Importer(815301076,1909f56bfc062723c751e8b465ee728b)
Start importing Assets/Sprites/Midground/Hell/PlatformM.png using Guid(1fb97c05876054541a1ed755a5ba84f7) Importer(815301076,1909f56bfc062723c751e8b465ee728b)  -> (artifact id: '00991523defe0e2466b7761c5e7780c6') in 0.058508 seconds 
========================================================================
Received Import Request.
  Time since last request: 0.000706 seconds.
  path: Assets/Sprites/Midground/Hell/PlatformS.png
  artifactKey: Guid(240f2e9d2dcd93f478816a3356e0f8c5) Importer(815301076,1909f56bfc062723c751e8b465ee728b)
Start importing Assets/Sprites/Midground/Hell/PlatformS.png using Guid(240f2e9d2dcd93f478816a3356e0f8c5) Importer(815301076,1909f56bfc062723c751e8b465ee728b)  -> (artifact id: 'c213e04394d871451d71a7824b025f8a') in 0.053285 seconds 
========================================================================
Received Import Request.
  Time since last request: 48.890027 seconds.
  path: Assets/Sprites/Foreground/Hell
  artifactKey: Guid(95d696869a2f2434d96df3d3ec393cba) Importer(815301076,1909f56bfc062723c751e8b465ee728b)
Start importing Assets/Sprites/Foreground/Hell using Guid(95d696869a2f2434d96df3d3ec393cba) Importer(815301076,1909f56bfc062723c751e8b465ee728b)  -> (artifact id: '4e813a72e5729b829145388f24d1401b') in 0.023781 seconds 
========================================================================
Received Import Request.
  Time since last request: 5.083596 seconds.
  path: Assets/Sprites/Foreground/Space
  artifactKey: Guid(3110a82400d9b2b4ba3e5ccf7352e57b) Importer(815301076,1909f56bfc062723c751e8b465ee728b)
Start importing Assets/Sprites/Foreground/Space using Guid(3110a82400d9b2b4ba3e5ccf7352e57b) Importer(815301076,1909f56bfc062723c751e8b465ee728b)  -> (artifact id: '399c234424c0729dd56456fb9f34e812') in 0.009755 seconds 
AssetImportWorkerClient::OnTransportError - code=2 error=End of file
